This file contains any messages produced by compilers while
running configure, to aid debugging if configure makes a mistake.

It was created by configure, which was
generated by GNU Autoconf 2.59.  Invocation command line was

  $ ./configure 

## --------- ##
## Platform. ##
## --------- ##

hostname = Kara.local
uname -m = i386
uname -r = 10.0.0
uname -s = Darwin
uname -v = Darwin Kernel Version 10.0.0: Fri Jul 31 22:47:34 PDT 2009; root:xnu-1456.1.25~1/RELEASE_I386

/usr/bin/uname -p = i386
/bin/uname -X     = unknown

/bin/arch              = unknown
/usr/bin/arch -k       = unknown
/usr/convex/getsysinfo = unknown
hostinfo               = Mach kernel version:
	 Darwin Kernel Version 10.0.0: Fri Jul 31 22:47:34 PDT 2009; root:xnu-1456.1.25~1/RELEASE_I386
Kernel configured for up to 2 processors.
2 processors are physically available.
2 processors are logically available.
Processor type: i486 (Intel 80486)
Processors active: 0 1
Primary memory available: 4.00 gigabytes
Default processor set: 61 tasks, 271 threads, 2 processors
Load average: 0.20, Mach factor: 1.79
/bin/machine           = unknown
/usr/bin/oslevel       = unknown
/bin/universe          = unknown

PATH: /usr/bin
PATH: /bin
PATH: /usr/sbin
PATH: /sbin
PATH: /usr/local/bin
PATH: /usr/X11/bin


## ----------- ##
## Core tests. ##
## ----------- ##

configure:1430: checking for gcc
configure:1446: found /usr/bin/gcc
configure:1456: result: gcc
configure:1700: checking for C compiler version
configure:1703: gcc --version </dev/null >&5
i686-apple-darwin10-gcc-4.2.1 (GCC) 4.2.1 (Apple Inc. build 5646)
Copyright (C) 2007 Free Software Foundation, Inc.
This is free software; see the source for copying conditions.  There is NO
warranty; not even for MERCHANTABILITY or FITNESS FOR A PARTICULAR PURPOSE.

configure:1706: $? = 0
configure:1708: gcc -v </dev/null >&5
Using built-in specs.
Target: i686-apple-darwin10
Configured with: /var/tmp/gcc/gcc-5646~6/src/configure --disable-checking --enable-werror --prefix=/usr --mandir=/share/man --enable-languages=c,objc,c++,obj-c++ --program-transform-name=/^[cg][^.-]*$/s/$/-4.2/ --with-slibdir=/usr/lib --build=i686-apple-darwin10 --with-gxx-include-dir=/include/c++/4.2.1 --program-prefix=i686-apple-darwin10- --host=x86_64-apple-darwin10 --target=i686-apple-darwin10
Thread model: posix
gcc version 4.2.1 (Apple Inc. build 5646)
configure:1711: $? = 0
configure:1713: gcc -V </dev/null >&5
gcc-4.2: argument to `-V' is missing
configure:1716: $? = 1
configure:1739: checking for C compiler default output file name
configure:1742: gcc    conftest.c  >&5
configure:1745: $? = 0
configure:1791: result: a.out
configure:1796: checking whether the C compiler works
configure:1802: ./a.out
configure:1805: $? = 0
configure:1822: result: yes
configure:1829: checking whether we are cross compiling
configure:1831: result: no
configure:1834: checking for suffix of executables
configure:1836: gcc -o conftest    conftest.c  >&5
configure:1839: $? = 0
configure:1864: result: 
configure:1870: checking for suffix of object files
configure:1891: gcc -c   conftest.c >&5
configure:1894: $? = 0
configure:1916: result: o
configure:1920: checking whether we are using the GNU C compiler
configure:1944: gcc -c   conftest.c >&5
configure:1950: $? = 0
configure:1954: test -z 
			 || test ! -s conftest.err
configure:1957: $? = 0
configure:1960: test -s conftest.o
configure:1963: $? = 0
configure:1976: result: yes
configure:1982: checking whether gcc accepts -g
configure:2003: gcc -c -g  conftest.c >&5
configure:2009: $? = 0
configure:2013: test -z 
			 || test ! -s conftest.err
configure:2016: $? = 0
configure:2019: test -s conftest.o
configure:2022: $? = 0
configure:2033: result: yes
configure:2050: checking for gcc option to accept ANSI C
configure:2120: gcc  -c -g -O2  conftest.c >&5
configure:2126: $? = 0
configure:2130: test -z 
			 || test ! -s conftest.err
configure:2133: $? = 0
configure:2136: test -s conftest.o
configure:2139: $? = 0
configure:2157: result: none needed
configure:2175: gcc -c -g -O2  conftest.c >&5
conftest.c:2: error: expected '=', ',', ';', 'asm' or '__attribute__' before 'me'
configure:2181: $? = 1
configure: failed program was:
| #ifndef __cplusplus
|   choke me
| #endif
configure:2319: checking how to run the C preprocessor
configure:2354: gcc -E  conftest.c
configure:2360: $? = 0
configure:2392: gcc -E  conftest.c
conftest.c:9:28: error: ac_nonexistent.h: No such file or directory
configure:2398: $? = 1
configure: failed program was:
| /* confdefs.h.  */
| 
| #define PACKAGE_NAME ""
| #define PACKAGE_TARNAME ""
| #define PACKAGE_VERSION ""
| #define PACKAGE_STRING ""
| #define PACKAGE_BUGREPORT ""
| /* end confdefs.h.  */
| #include <ac_nonexistent.h>
configure:2437: result: gcc -E
configure:2461: gcc -E  conftest.c
configure:2467: $? = 0
configure:2499: gcc -E  conftest.c
conftest.c:9:28: error: ac_nonexistent.h: No such file or directory
configure:2505: $? = 1
configure: failed program was:
| /* confdefs.h.  */
| 
| #define PACKAGE_NAME ""
| #define PACKAGE_TARNAME ""
| #define PACKAGE_VERSION ""
| #define PACKAGE_STRING ""
| #define PACKAGE_BUGREPORT ""
| /* end confdefs.h.  */
| #include <ac_nonexistent.h>
configure:2600: checking for g++
configure:2616: found /usr/bin/g++
configure:2626: result: g++
configure:2642: checking for C++ compiler version
configure:2645: g++ --version </dev/null >&5
i686-apple-darwin10-g++-4.2.1 (GCC) 4.2.1 (Apple Inc. build 5646)
Copyright (C) 2007 Free Software Foundation, Inc.
This is free software; see the source for copying conditions.  There is NO
warranty; not even for MERCHANTABILITY or FITNESS FOR A PARTICULAR PURPOSE.

configure:2648: $? = 0
configure:2650: g++ -v </dev/null >&5
Using built-in specs.
Target: i686-apple-darwin10
Configured with: /var/tmp/gcc/gcc-5646~6/src/configure --disable-checking --enable-werror --prefix=/usr --mandir=/share/man --enable-languages=c,objc,c++,obj-c++ --program-transform-name=/^[cg][^.-]*$/s/$/-4.2/ --with-slibdir=/usr/lib --build=i686-apple-darwin10 --with-gxx-include-dir=/include/c++/4.2.1 --program-prefix=i686-apple-darwin10- --host=x86_64-apple-darwin10 --target=i686-apple-darwin10
Thread model: posix
gcc version 4.2.1 (Apple Inc. build 5646)
configure:2653: $? = 0
configure:2655: g++ -V </dev/null >&5
g++-4.2: argument to `-V' is missing
configure:2658: $? = 1
configure:2661: checking whether we are using the GNU C++ compiler
configure:2685: g++ -c   conftest.cc >&5
configure:2691: $? = 0
configure:2695: test -z 
			 || test ! -s conftest.err
configure:2698: $? = 0
configure:2701: test -s conftest.o
configure:2704: $? = 0
configure:2717: result: yes
configure:2723: checking whether g++ accepts -g
configure:2744: g++ -c -g  conftest.cc >&5
configure:2750: $? = 0
configure:2754: test -z 
			 || test ! -s conftest.err
configure:2757: $? = 0
configure:2760: test -s conftest.o
configure:2763: $? = 0
configure:2774: result: yes
configure:2816: g++ -c -g -O2  conftest.cc >&5
configure:2822: $? = 0
configure:2826: test -z 
			 || test ! -s conftest.err
configure:2829: $? = 0
configure:2832: test -s conftest.o
configure:2835: $? = 0
configure:2861: g++ -c -g -O2  conftest.cc >&5
conftest.cc: In function 'int main()':
conftest.cc:13: error: 'exit' was not declared in this scope
configure:2867: $? = 1
configure: failed program was:
| /* confdefs.h.  */
| 
| #define PACKAGE_NAME ""
| #define PACKAGE_TARNAME ""
| #define PACKAGE_VERSION ""
| #define PACKAGE_STRING ""
| #define PACKAGE_BUGREPORT ""
| /* end confdefs.h.  */
| 
| int
| main ()
| {
| exit (42);
|   ;
|   return 0;
| }
configure:2816: g++ -c -g -O2  conftest.cc >&5
conftest.cc:9: error: 'void std::exit(int)' should have been declared inside 'std'
In file included from conftest.cc:10:
/usr/include/stdlib.h:159: error: declaration of 'void std::exit(int)' throws different exceptions
conftest.cc:9: error: from previous declaration 'void std::exit(int) throw ()'
configure:2822: $? = 1
configure: failed program was:
| /* confdefs.h.  */
| 
| #define PACKAGE_NAME ""
| #define PACKAGE_TARNAME ""
| #define PACKAGE_VERSION ""
| #define PACKAGE_STRING ""
| #define PACKAGE_BUGREPORT ""
| /* end confdefs.h.  */
| extern "C" void std::exit (int) throw (); using std::exit;
| #include <stdlib.h>
| int
| main ()
| {
| exit (42);
|   ;
|   return 0;
| }
configure:2816: g++ -c -g -O2  conftest.cc >&5
conftest.cc:9: error: 'void std::exit(int)' should have been declared inside 'std'
configure:2822: $? = 1
configure: failed program was:
| /* confdefs.h.  */
| 
| #define PACKAGE_NAME ""
| #define PACKAGE_TARNAME ""
| #define PACKAGE_VERSION ""
| #define PACKAGE_STRING ""
| #define PACKAGE_BUGREPORT ""
| /* end confdefs.h.  */
| extern "C" void std::exit (int); using std::exit;
| #include <stdlib.h>
| int
| main ()
| {
| exit (42);
|   ;
|   return 0;
| }
configure:2816: g++ -c -g -O2  conftest.cc >&5
In file included from conftest.cc:10:
/usr/include/stdlib.h:159: error: declaration of 'void exit(int)' throws different exceptions
conftest.cc:9: error: from previous declaration 'void exit(int) throw ()'
configure:2822: $? = 1
configure: failed program was:
| /* confdefs.h.  */
| 
| #define PACKAGE_NAME ""
| #define PACKAGE_TARNAME ""
| #define PACKAGE_VERSION ""
| #define PACKAGE_STRING ""
| #define PACKAGE_BUGREPORT ""
| /* end confdefs.h.  */
| extern "C" void exit (int) throw ();
| #include <stdlib.h>
| int
| main ()
| {
| exit (42);
|   ;
|   return 0;
| }
configure:2816: g++ -c -g -O2  conftest.cc >&5
configure:2822: $? = 0
configure:2826: test -z 
			 || test ! -s conftest.err
configure:2829: $? = 0
configure:2832: test -s conftest.o
configure:2835: $? = 0
configure:2861: g++ -c -g -O2  conftest.cc >&5
configure:2867: $? = 0
configure:2871: test -z 
			 || test ! -s conftest.err
configure:2874: $? = 0
configure:2877: test -s conftest.o
configure:2880: $? = 0
configure:2908: checking how to run the C++ preprocessor
configure:2939: g++ -E  conftest.cc
configure:2945: $? = 0
configure:2977: g++ -E  conftest.cc
conftest.cc:12:28: error: ac_nonexistent.h: No such file or directory
configure:2983: $? = 1
configure: failed program was:
| /* confdefs.h.  */
| 
| #define PACKAGE_NAME ""
| #define PACKAGE_TARNAME ""
| #define PACKAGE_VERSION ""
| #define PACKAGE_STRING ""
| #define PACKAGE_BUGREPORT ""
| #ifdef __cplusplus
| extern "C" void exit (int);
| #endif
| /* end confdefs.h.  */
| #include <ac_nonexistent.h>
configure:3022: result: g++ -E
configure:3046: g++ -E  conftest.cc
configure:3052: $? = 0
configure:3084: g++ -E  conftest.cc
conftest.cc:12:28: error: ac_nonexistent.h: No such file or directory
configure:3090: $? = 1
configure: failed program was:
| /* confdefs.h.  */
| 
| #define PACKAGE_NAME ""
| #define PACKAGE_TARNAME ""
| #define PACKAGE_VERSION ""
| #define PACKAGE_STRING ""
| #define PACKAGE_BUGREPORT ""
| #ifdef __cplusplus
| extern "C" void exit (int);
| #endif
| /* end confdefs.h.  */
| #include <ac_nonexistent.h>
configure:3174: checking for ranlib
configure:3190: found /usr/bin/ranlib
configure:3201: result: ranlib
configure:3221: checking for rm
configure:3239: found /bin/rm
configure:3251: result: /bin/rm
configure:3260: checking for fltk-config
configure:3287: result: :
configure:3314: checking for sqrt in -lm
configure:3344: g++ -o conftest -g -O2  -Wall -Wno-sign-compare  conftest.cc -lm   >&5
configure:3350: $? = 0
configure:3354: test -z 
			 || test ! -s conftest.err
configure:3357: $? = 0
configure:3360: test -s conftest
configure:3363: $? = 0
configure:3376: result: yes
configure:3398: checking for zlibVersion in -lz
configure:3428: g++ -o conftest -g -O2  -Wall -Wno-sign-compare  conftest.cc -lz  -lm  >&5
configure:3434: $? = 0
configure:3438: test -z 
			 || test ! -s conftest.err
configure:3441: $? = 0
configure:3444: test -s conftest
configure:3447: $? = 0
configure:3460: result: yes
configure:3471: checking for jpeg_start_compress in -ljpeg
configure:3501: g++ -o conftest -g -O2  -Wall -Wno-sign-compare  conftest.cc -ljpeg  -lz -lm  >&5
ld: library not found for -ljpeg
collect2: ld returned 1 exit status
configure:3507: $? = 1
configure: failed program was:
| /* confdefs.h.  */
| 
| #define PACKAGE_NAME ""
| #define PACKAGE_TARNAME ""
| #define PACKAGE_VERSION ""
| #define PACKAGE_STRING ""
| #define PACKAGE_BUGREPORT ""
| #ifdef __cplusplus
| extern "C" void exit (int);
| #endif
| #define HAVE_LIBM 1
| #define HAVE_LIBZ 1
| /* end confdefs.h.  */
| 
| /* Override any gcc2 internal prototype to avoid an error.  */
| #ifdef __cplusplus
| extern "C"
| #endif
| /* We use char because int might match the return type of a gcc2
|    builtin and then its argument prototype would still apply.  */
| char jpeg_start_compress ();
| int
| main ()
| {
| jpeg_start_compress ();
|   ;
|   return 0;
| }
configure:3533: result: no
configure:3544: checking for TIFFOpen in -ltiff
configure:3574: g++ -o conftest -g -O2  -Wall -Wno-sign-compare  conftest.cc -ltiff  -lz -lm  >&5
ld: library not found for -ltiff
collect2: ld returned 1 exit status
configure:3580: $? = 1
configure: failed program was:
| /* confdefs.h.  */
| 
| #define PACKAGE_NAME ""
| #define PACKAGE_TARNAME ""
| #define PACKAGE_VERSION ""
| #define PACKAGE_STRING ""
| #define PACKAGE_BUGREPORT ""
| #ifdef __cplusplus
| extern "C" void exit (int);
| #endif
| #define HAVE_LIBM 1
| #define HAVE_LIBZ 1
| /* end confdefs.h.  */
| 
| /* Override any gcc2 internal prototype to avoid an error.  */
| #ifdef __cplusplus
| extern "C"
| #endif
| /* We use char because int might match the return type of a gcc2
|    builtin and then its argument prototype would still apply.  */
| char TIFFOpen ();
| int
| main ()
| {
| TIFFOpen ();
|   ;
|   return 0;
| }
configure:3606: result: no
configure:3617: checking for png_read_image in -lpng
configure:3647: g++ -o conftest -g -O2  -Wall -Wno-sign-compare  conftest.cc -lpng  -lz -lm  >&5
ld: library not found for -lpng
collect2: ld returned 1 exit status
configure:3653: $? = 1
configure: failed program was:
| /* confdefs.h.  */
| 
| #define PACKAGE_NAME ""
| #define PACKAGE_TARNAME ""
| #define PACKAGE_VERSION ""
| #define PACKAGE_STRING ""
| #define PACKAGE_BUGREPORT ""
| #ifdef __cplusplus
| extern "C" void exit (int);
| #endif
| #define HAVE_LIBM 1
| #define HAVE_LIBZ 1
| /* end confdefs.h.  */
| 
| /* Override any gcc2 internal prototype to avoid an error.  */
| #ifdef __cplusplus
| extern "C"
| #endif
| /* We use char because int might match the return type of a gcc2
|    builtin and then its argument prototype would still apply.  */
| char png_read_image ();
| int
| main ()
| {
| png_read_image ();
|   ;
|   return 0;
| }
configure:3679: result: no
configure:3692: checking for egrep
configure:3702: result: grep -E
configure:3707: checking for ANSI C header files
configure:3732: g++ -c -g -O2  -Wall -Wno-sign-compare conftest.cc >&5
configure:3738: $? = 0
configure:3742: test -z 
			 || test ! -s conftest.err
configure:3745: $? = 0
configure:3748: test -s conftest.o
configure:3751: $? = 0
configure:3840: g++ -o conftest -g -O2  -Wall -Wno-sign-compare  conftest.cc -lm  >&5
configure:3843: $? = 0
configure:3845: ./conftest
configure:3848: $? = 0
configure:3863: result: yes
configure:3887: checking for sys/types.h
configure:3903: g++ -c -g -O2  -Wall -Wno-sign-compare conftest.cc >&5
configure:3909: $? = 0
configure:3913: test -z 
			 || test ! -s conftest.err
configure:3916: $? = 0
configure:3919: test -s conftest.o
configure:3922: $? = 0
configure:3933: result: yes
configure:3887: checking for sys/stat.h
configure:3903: g++ -c -g -O2  -Wall -Wno-sign-compare conftest.cc >&5
configure:3909: $? = 0
configure:3913: test -z 
			 || test ! -s conftest.err
configure:3916: $? = 0
configure:3919: test -s conftest.o
configure:3922: $? = 0
configure:3933: result: yes
configure:3887: checking for stdlib.h
configure:3903: g++ -c -g -O2  -Wall -Wno-sign-compare conftest.cc >&5
configure:3909: $? = 0
configure:3913: test -z 
			 || test ! -s conftest.err
configure:3916: $? = 0
configure:3919: test -s conftest.o
configure:3922: $? = 0
configure:3933: result: yes
configure:3887: checking for string.h
configure:3903: g++ -c -g -O2  -Wall -Wno-sign-compare conftest.cc >&5
configure:3909: $? = 0
configure:3913: test -z 
			 || test ! -s conftest.err
configure:3916: $? = 0
configure:3919: test -s conftest.o
configure:3922: $? = 0
configure:3933: result: yes
configure:3887: checking for memory.h
configure:3903: g++ -c -g -O2  -Wall -Wno-sign-compare conftest.cc >&5
configure:3909: $? = 0
configure:3913: test -z 
			 || test ! -s conftest.err
configure:3916: $? = 0
configure:3919: test -s conftest.o
configure:3922: $? = 0
configure:3933: result: yes
configure:3887: checking for strings.h
configure:3903: g++ -c -g -O2  -Wall -Wno-sign-compare conftest.cc >&5
configure:3909: $? = 0
configure:3913: test -z 
			 || test ! -s conftest.err
configure:3916: $? = 0
configure:3919: test -s conftest.o
configure:3922: $? = 0
configure:3933: result: yes
configure:3887: checking for inttypes.h
configure:3903: g++ -c -g -O2  -Wall -Wno-sign-compare conftest.cc >&5
configure:3909: $? = 0
configure:3913: test -z 
			 || test ! -s conftest.err
configure:3916: $? = 0
configure:3919: test -s conftest.o
configure:3922: $? = 0
configure:3933: result: yes
configure:3887: checking for stdint.h
configure:3903: g++ -c -g -O2  -Wall -Wno-sign-compare conftest.cc >&5
configure:3909: $? = 0
configure:3913: test -z 
			 || test ! -s conftest.err
configure:3916: $? = 0
configure:3919: test -s conftest.o
configure:3922: $? = 0
configure:3933: result: yes
configure:3887: checking for unistd.h
configure:3903: g++ -c -g -O2  -Wall -Wno-sign-compare conftest.cc >&5
configure:3909: $? = 0
configure:3913: test -z 
			 || test ! -s conftest.err
configure:3916: $? = 0
configure:3919: test -s conftest.o
configure:3922: $? = 0
configure:3933: result: yes
configure:3960: checking GL/gl.h usability
configure:3972: g++ -c -g -O2  -Wall -Wno-sign-compare conftest.cc >&5
conftest.cc:58:19: error: GL/gl.h: No such file or directory
configure:3978: $? = 1
configure: failed program was:
| /* confdefs.h.  */
| 
| #define PACKAGE_NAME ""
| #define PACKAGE_TARNAME ""
| #define PACKAGE_VERSION ""
| #define PACKAGE_STRING ""
| #define PACKAGE_BUGREPORT ""
| #ifdef __cplusplus
| extern "C" void exit (int);
| #endif
| #define HAVE_LIBM 1
| #define HAVE_LIBZ 1
| #define STDC_HEADERS 1
| #define HAVE_SYS_TYPES_H 1
| #define HAVE_SYS_STAT_H 1
| #define HAVE_STDLIB_H 1
| #define HAVE_STRING_H 1
| #define HAVE_MEMORY_H 1
| #define HAVE_STRINGS_H 1
| #define HAVE_INTTYPES_H 1
| #define HAVE_STDINT_H 1
| #define HAVE_UNISTD_H 1
| /* end confdefs.h.  */
| #include <stdio.h>
| #if HAVE_SYS_TYPES_H
| # include <sys/types.h>
| #endif
| #if HAVE_SYS_STAT_H
| # include <sys/stat.h>
| #endif
| #if STDC_HEADERS
| # include <stdlib.h>
| # include <stddef.h>
| #else
| # if HAVE_STDLIB_H
| #  include <stdlib.h>
| # endif
| #endif
| #if HAVE_STRING_H
| # if !STDC_HEADERS && HAVE_MEMORY_H
| #  include <memory.h>
| # endif
| # include <string.h>
| #endif
| #if HAVE_STRINGS_H
| # include <strings.h>
| #endif
| #if HAVE_INTTYPES_H
| # include <inttypes.h>
| #else
| # if HAVE_STDINT_H
| #  include <stdint.h>
| # endif
| #endif
| #if HAVE_UNISTD_H
| # include <unistd.h>
| #endif
| #include <GL/gl.h>
configure:4001: result: no
configure:4005: checking GL/gl.h presence
configure:4015: g++ -E  -Wall -Wno-sign-compare conftest.cc
conftest.cc:24:19: error: GL/gl.h: No such file or directory
configure:4021: $? = 1
configure: failed program was:
| /* confdefs.h.  */
| 
| #define PACKAGE_NAME ""
| #define PACKAGE_TARNAME ""
| #define PACKAGE_VERSION ""
| #define PACKAGE_STRING ""
| #define PACKAGE_BUGREPORT ""
| #ifdef __cplusplus
| extern "C" void exit (int);
| #endif
| #define HAVE_LIBM 1
| #define HAVE_LIBZ 1
| #define STDC_HEADERS 1
| #define HAVE_SYS_TYPES_H 1
| #define HAVE_SYS_STAT_H 1
| #define HAVE_STDLIB_H 1
| #define HAVE_STRING_H 1
| #define HAVE_MEMORY_H 1
| #define HAVE_STRINGS_H 1
| #define HAVE_INTTYPES_H 1
| #define HAVE_STDINT_H 1
| #define HAVE_UNISTD_H 1
| /* end confdefs.h.  */
| #include <GL/gl.h>
configure:4041: result: no
configure:4076: checking for GL/gl.h
configure:4083: result: no
configure:3960: checking OpenGL/gl.h usability
configure:3972: g++ -c -g -O2  -Wall -Wno-sign-compare conftest.cc >&5
configure:3978: $? = 0
configure:3982: test -z 
			 || test ! -s conftest.err
configure:3985: $? = 0
configure:3988: test -s conftest.o
configure:3991: $? = 0
configure:4001: result: yes
configure:4005: checking OpenGL/gl.h presence
configure:4015: g++ -E  -Wall -Wno-sign-compare conftest.cc
configure:4021: $? = 0
configure:4041: result: yes
configure:4076: checking for OpenGL/gl.h
configure:4083: result: yes
configure:4111: checking GL/glu.h usability
configure:4123: g++ -c -g -O2  -Wall -Wno-sign-compare conftest.cc >&5
conftest.cc:59:20: error: GL/glu.h: No such file or directory
configure:4129: $? = 1
configure: failed program was:
| /* confdefs.h.  */
| 
| #define PACKAGE_NAME ""
| #define PACKAGE_TARNAME ""
| #define PACKAGE_VERSION ""
| #define PACKAGE_STRING ""
| #define PACKAGE_BUGREPORT ""
| #ifdef __cplusplus
| extern "C" void exit (int);
| #endif
| #define HAVE_LIBM 1
| #define HAVE_LIBZ 1
| #define STDC_HEADERS 1
| #define HAVE_SYS_TYPES_H 1
| #define HAVE_SYS_STAT_H 1
| #define HAVE_STDLIB_H 1
| #define HAVE_STRING_H 1
| #define HAVE_MEMORY_H 1
| #define HAVE_STRINGS_H 1
| #define HAVE_INTTYPES_H 1
| #define HAVE_STDINT_H 1
| #define HAVE_UNISTD_H 1
| #define HAVE_OPENGL_GL_H 1
| /* end confdefs.h.  */
| #include <stdio.h>
| #if HAVE_SYS_TYPES_H
| # include <sys/types.h>
| #endif
| #if HAVE_SYS_STAT_H
| # include <sys/stat.h>
| #endif
| #if STDC_HEADERS
| # include <stdlib.h>
| # include <stddef.h>
| #else
| # if HAVE_STDLIB_H
| #  include <stdlib.h>
| # endif
| #endif
| #if HAVE_STRING_H
| # if !STDC_HEADERS && HAVE_MEMORY_H
| #  include <memory.h>
| # endif
| # include <string.h>
| #endif
| #if HAVE_STRINGS_H
| # include <strings.h>
| #endif
| #if HAVE_INTTYPES_H
| # include <inttypes.h>
| #else
| # if HAVE_STDINT_H
| #  include <stdint.h>
| # endif
| #endif
| #if HAVE_UNISTD_H
| # include <unistd.h>
| #endif
| #include <GL/glu.h>
configure:4152: result: no
configure:4156: checking GL/glu.h presence
configure:4166: g++ -E  -Wall -Wno-sign-compare conftest.cc
conftest.cc:25:20: error: GL/glu.h: No such file or directory
configure:4172: $? = 1
configure: failed program was:
| /* confdefs.h.  */
| 
| #define PACKAGE_NAME ""
| #define PACKAGE_TARNAME ""
| #define PACKAGE_VERSION ""
| #define PACKAGE_STRING ""
| #define PACKAGE_BUGREPORT ""
| #ifdef __cplusplus
| extern "C" void exit (int);
| #endif
| #define HAVE_LIBM 1
| #define HAVE_LIBZ 1
| #define STDC_HEADERS 1
| #define HAVE_SYS_TYPES_H 1
| #define HAVE_SYS_STAT_H 1
| #define HAVE_STDLIB_H 1
| #define HAVE_STRING_H 1
| #define HAVE_MEMORY_H 1
| #define HAVE_STRINGS_H 1
| #define HAVE_INTTYPES_H 1
| #define HAVE_STDINT_H 1
| #define HAVE_UNISTD_H 1
| #define HAVE_OPENGL_GL_H 1
| /* end confdefs.h.  */
| #include <GL/glu.h>
configure:4192: result: no
configure:4227: checking for GL/glu.h
configure:4234: result: no
configure:4111: checking OpenGL/glu.h usability
configure:4123: g++ -c -g -O2  -Wall -Wno-sign-compare conftest.cc >&5
configure:4129: $? = 0
configure:4133: test -z 
			 || test ! -s conftest.err
configure:4136: $? = 0
configure:4139: test -s conftest.o
configure:4142: $? = 0
configure:4152: result: yes
configure:4156: checking OpenGL/glu.h presence
configure:4166: g++ -E  -Wall -Wno-sign-compare conftest.cc
configure:4172: $? = 0
configure:4192: result: yes
configure:4227: checking for OpenGL/glu.h
configure:4234: result: yes
configure:4255: checking for GL/glext.h
configure:4276: g++ -c -g -O2  -Wall -Wno-sign-compare conftest.cc >&5
conftest.cc:33:22: error: GL/glext.h: No such file or directory
configure:4282: $? = 1
configure: failed program was:
| /* confdefs.h.  */
| 
| #define PACKAGE_NAME ""
| #define PACKAGE_TARNAME ""
| #define PACKAGE_VERSION ""
| #define PACKAGE_STRING ""
| #define PACKAGE_BUGREPORT ""
| #ifdef __cplusplus
| extern "C" void exit (int);
| #endif
| #define HAVE_LIBM 1
| #define HAVE_LIBZ 1
| #define STDC_HEADERS 1
| #define HAVE_SYS_TYPES_H 1
| #define HAVE_SYS_STAT_H 1
| #define HAVE_STDLIB_H 1
| #define HAVE_STRING_H 1
| #define HAVE_MEMORY_H 1
| #define HAVE_STRINGS_H 1
| #define HAVE_INTTYPES_H 1
| #define HAVE_STDINT_H 1
| #define HAVE_UNISTD_H 1
| #define HAVE_OPENGL_GL_H 1
| #define HAVE_OPENGL_GLU_H 1
| /* end confdefs.h.  */
| #if HAVE_GL_GL_H
|       #include <GL/gl.h>
|       #elif HAVE_OPENGL_GL_H
|       #include <OpenGL/gl.h>
|       #endif
| 
| 
| #include <GL/glext.h>
configure:4306: result: no
configure:4255: checking for GL/glxext.h
configure:4276: g++ -c -g -O2  -Wall -Wno-sign-compare conftest.cc >&5
conftest.cc:33:23: error: GL/glxext.h: No such file or directory
configure:4282: $? = 1
configure: failed program was:
| /* confdefs.h.  */
| 
| #define PACKAGE_NAME ""
| #define PACKAGE_TARNAME ""
| #define PACKAGE_VERSION ""
| #define PACKAGE_STRING ""
| #define PACKAGE_BUGREPORT ""
| #ifdef __cplusplus
| extern "C" void exit (int);
| #endif
| #define HAVE_LIBM 1
| #define HAVE_LIBZ 1
| #define STDC_HEADERS 1
| #define HAVE_SYS_TYPES_H 1
| #define HAVE_SYS_STAT_H 1
| #define HAVE_STDLIB_H 1
| #define HAVE_STRING_H 1
| #define HAVE_MEMORY_H 1
| #define HAVE_STRINGS_H 1
| #define HAVE_INTTYPES_H 1
| #define HAVE_STDINT_H 1
| #define HAVE_UNISTD_H 1
| #define HAVE_OPENGL_GL_H 1
| #define HAVE_OPENGL_GLU_H 1
| /* end confdefs.h.  */
| #if HAVE_GL_GL_H
|       #include <GL/gl.h>
|       #elif HAVE_OPENGL_GL_H
|       #include <OpenGL/gl.h>
|       #endif
| 
| 
| #include <GL/glxext.h>
configure:4306: result: no
configure:4255: checking for GL/wglext.h
configure:4276: g++ -c -g -O2  -Wall -Wno-sign-compare conftest.cc >&5
conftest.cc:33:23: error: GL/wglext.h: No such file or directory
configure:4282: $? = 1
configure: failed program was:
| /* confdefs.h.  */
| 
| #define PACKAGE_NAME ""
| #define PACKAGE_TARNAME ""
| #define PACKAGE_VERSION ""
| #define PACKAGE_STRING ""
| #define PACKAGE_BUGREPORT ""
| #ifdef __cplusplus
| extern "C" void exit (int);
| #endif
| #define HAVE_LIBM 1
| #define HAVE_LIBZ 1
| #define STDC_HEADERS 1
| #define HAVE_SYS_TYPES_H 1
| #define HAVE_SYS_STAT_H 1
| #define HAVE_STDLIB_H 1
| #define HAVE_STRING_H 1
| #define HAVE_MEMORY_H 1
| #define HAVE_STRINGS_H 1
| #define HAVE_INTTYPES_H 1
| #define HAVE_STDINT_H 1
| #define HAVE_UNISTD_H 1
| #define HAVE_OPENGL_GL_H 1
| #define HAVE_OPENGL_GLU_H 1
| /* end confdefs.h.  */
| #if HAVE_GL_GL_H
|       #include <GL/gl.h>
|       #elif HAVE_OPENGL_GL_H
|       #include <OpenGL/gl.h>
|       #endif
| 
| 
| #include <GL/wglext.h>
configure:4306: result: no
configure:4255: checking for OpenGL/glext.h
configure:4276: g++ -c -g -O2  -Wall -Wno-sign-compare conftest.cc >&5
configure:4282: $? = 0
configure:4286: test -z 
			 || test ! -s conftest.err
configure:4289: $? = 0
configure:4292: test -s conftest.o
configure:4295: $? = 0
configure:4306: result: yes
configure:6117: checking for FLTK library
configure:6137: g++ -o conftest -g -O2  -Wall -Wno-sign-compare  conftest.cc -lfltk -framework Carbon -framework ApplicationServices -lm  >&5
conftest.cc:29:19: error: FL/Fl.H: No such file or directory
conftest.cc: In function 'int main()':
conftest.cc:33: error: 'Fl' has not been declared
configure:6143: $? = 1
configure: failed program was:
| /* confdefs.h.  */
| 
| #define PACKAGE_NAME ""
| #define PACKAGE_TARNAME ""
| #define PACKAGE_VERSION ""
| #define PACKAGE_STRING ""
| #define PACKAGE_BUGREPORT ""
| #ifdef __cplusplus
| extern "C" void exit (int);
| #endif
| #define HAVE_LIBM 1
| #define HAVE_LIBZ 1
| #define STDC_HEADERS 1
| #define HAVE_SYS_TYPES_H 1
| #define HAVE_SYS_STAT_H 1
| #define HAVE_STDLIB_H 1
| #define HAVE_STRING_H 1
| #define HAVE_MEMORY_H 1
| #define HAVE_STRINGS_H 1
| #define HAVE_INTTYPES_H 1
| #define HAVE_STDINT_H 1
| #define HAVE_UNISTD_H 1
| #define HAVE_OPENGL_GL_H 1
| #define HAVE_OPENGL_GLU_H 1
| #define HAVE_OPENGL_GLEXT_H 1
| #define HAVE_OPENGL "OpenGL"
| #define HAVE_POLYOFFSET 1
| /* end confdefs.h.  */
| #include <FL/Fl.H>
| int
| main ()
| {
| Fl::run();
|   ;
|   return 0;
| }
configure:6168: result: no
configure:6176: checking for FLTK GL support
configure:6197: g++ -o conftest -g -O2  -Wall -Wno-sign-compare  conftest.cc  -framework AGL -framework OpenGL -framework Carbon -framework ApplicationServices -lm  >&5
conftest.cc:29:19: error: FL/Fl.H: No such file or directory
conftest.cc:30:34: error: FL/Fl_Gl_Window.H: No such file or directory
conftest.cc: In function 'int main()':
conftest.cc:34: error: 'Fl_Gl_Window' was not declared in this scope
conftest.cc:34: error: expected `;' before 'win'
configure:6203: $? = 1
configure: failed program was:
| /* confdefs.h.  */
| 
| #define PACKAGE_NAME ""
| #define PACKAGE_TARNAME ""
| #define PACKAGE_VERSION ""
| #define PACKAGE_STRING ""
| #define PACKAGE_BUGREPORT ""
| #ifdef __cplusplus
| extern "C" void exit (int);
| #endif
| #define HAVE_LIBM 1
| #define HAVE_LIBZ 1
| #define STDC_HEADERS 1
| #define HAVE_SYS_TYPES_H 1
| #define HAVE_SYS_STAT_H 1
| #define HAVE_STDLIB_H 1
| #define HAVE_STRING_H 1
| #define HAVE_MEMORY_H 1
| #define HAVE_STRINGS_H 1
| #define HAVE_INTTYPES_H 1
| #define HAVE_STDINT_H 1
| #define HAVE_UNISTD_H 1
| #define HAVE_OPENGL_GL_H 1
| #define HAVE_OPENGL_GLU_H 1
| #define HAVE_OPENGL_GLEXT_H 1
| #define HAVE_OPENGL "OpenGL"
| #define HAVE_POLYOFFSET 1
| /* end confdefs.h.  */
| #include <FL/Fl.H>
|      #include <FL/Fl_Gl_Window.H>
| int
| main ()
| {
| Fl_Gl_Window win(640,480);
|   ;
|   return 0;
| }
configure:6247: g++ -o conftest -g -O2  -Wall -Wno-sign-compare  conftest.cc -lfltk_gl  -framework AGL -framework OpenGL -framework Carbon -framework ApplicationServices -lm  >&5
conftest.cc:29:19: error: FL/Fl.H: No such file or directory
conftest.cc:30:31: error: FL/Fl_Gl_Window.H: No such file or directory
conftest.cc: In function 'int main()':
conftest.cc:34: error: 'Fl_Gl_Window' was not declared in this scope
conftest.cc:34: error: expected `;' before 'win'
configure:6253: $? = 1
configure: failed program was:
| /* confdefs.h.  */
| 
| #define PACKAGE_NAME ""
| #define PACKAGE_TARNAME ""
| #define PACKAGE_VERSION ""
| #define PACKAGE_STRING ""
| #define PACKAGE_BUGREPORT ""
| #ifdef __cplusplus
| extern "C" void exit (int);
| #endif
| #define HAVE_LIBM 1
| #define HAVE_LIBZ 1
| #define STDC_HEADERS 1
| #define HAVE_SYS_TYPES_H 1
| #define HAVE_SYS_STAT_H 1
| #define HAVE_STDLIB_H 1
| #define HAVE_STRING_H 1
| #define HAVE_MEMORY_H 1
| #define HAVE_STRINGS_H 1
| #define HAVE_INTTYPES_H 1
| #define HAVE_STDINT_H 1
| #define HAVE_UNISTD_H 1
| #define HAVE_OPENGL_GL_H 1
| #define HAVE_OPENGL_GLU_H 1
| #define HAVE_OPENGL_GLEXT_H 1
| #define HAVE_OPENGL "OpenGL"
| #define HAVE_POLYOFFSET 1
| /* end confdefs.h.  */
| #include <FL/Fl.H>
| 	 #include <FL/Fl_Gl_Window.H>
| int
| main ()
| {
| Fl_Gl_Window win(640,480);
|   ;
|   return 0;
| }
configure:6279: result: no
configure:6297: checking for ANSI C header files
configure:6453: result: yes
configure:6477: checking limits.h usability
configure:6489: g++ -c -g -O2  -Wall -Wno-sign-compare conftest.cc >&5
configure:6495: $? = 0
configure:6499: test -z 
			 || test ! -s conftest.err
configure:6502: $? = 0
configure:6505: test -s conftest.o
configure:6508: $? = 0
configure:6518: result: yes
configure:6522: checking limits.h presence
configure:6532: g++ -E  -Wall -Wno-sign-compare conftest.cc
configure:6538: $? = 0
configure:6558: result: yes
configure:6593: checking for limits.h
configure:6600: result: yes
configure:6618: checking for unistd.h
configure:6623: result: yes
configure:6779: checking hash_map usability
configure:6791: g++ -c -g -O2  -Wall -Wno-sign-compare conftest.cc >&5
conftest.cc:66:20: error: hash_map: No such file or directory
configure:6797: $? = 1
configure: failed program was:
| /* confdefs.h.  */
| 
| #define PACKAGE_NAME ""
| #define PACKAGE_TARNAME ""
| #define PACKAGE_VERSION ""
| #define PACKAGE_STRING ""
| #define PACKAGE_BUGREPORT ""
| #ifdef __cplusplus
| extern "C" void exit (int);
| #endif
| #define HAVE_LIBM 1
| #define HAVE_LIBZ 1
| #define STDC_HEADERS 1
| #define HAVE_SYS_TYPES_H 1
| #define HAVE_SYS_STAT_H 1
| #define HAVE_STDLIB_H 1
| #define HAVE_STRING_H 1
| #define HAVE_MEMORY_H 1
| #define HAVE_STRINGS_H 1
| #define HAVE_INTTYPES_H 1
| #define HAVE_STDINT_H 1
| #define HAVE_UNISTD_H 1
| #define HAVE_OPENGL_GL_H 1
| #define HAVE_OPENGL_GLU_H 1
| #define HAVE_OPENGL_GLEXT_H 1
| #define HAVE_OPENGL "OpenGL"
| #define HAVE_POLYOFFSET 1
| #define STDC_HEADERS 1
| #define HAVE_LIMITS_H 1
| #define HAVE_UNISTD_H 1
| /* end confdefs.h.  */
| #include <stdio.h>
| #if HAVE_SYS_TYPES_H
| # include <sys/types.h>
| #endif
| #if HAVE_SYS_STAT_H
| # include <sys/stat.h>
| #endif
| #if STDC_HEADERS
| # include <stdlib.h>
| # include <stddef.h>
| #else
| # if HAVE_STDLIB_H
| #  include <stdlib.h>
| # endif
| #endif
| #if HAVE_STRING_H
| # if !STDC_HEADERS && HAVE_MEMORY_H
| #  include <memory.h>
| # endif
| # include <string.h>
| #endif
| #if HAVE_STRINGS_H
| # include <strings.h>
| #endif
| #if HAVE_INTTYPES_H
| # include <inttypes.h>
| #else
| # if HAVE_STDINT_H
| #  include <stdint.h>
| # endif
| #endif
| #if HAVE_UNISTD_H
| # include <unistd.h>
| #endif
| #include <hash_map>
configure:6820: result: no
configure:6824: checking hash_map presence
configure:6834: g++ -E  -Wall -Wno-sign-compare conftest.cc
conftest.cc:32:20: error: hash_map: No such file or directory
configure:6840: $? = 1
configure: failed program was:
| /* confdefs.h.  */
| 
| #define PACKAGE_NAME ""
| #define PACKAGE_TARNAME ""
| #define PACKAGE_VERSION ""
| #define PACKAGE_STRING ""
| #define PACKAGE_BUGREPORT ""
| #ifdef __cplusplus
| extern "C" void exit (int);
| #endif
| #define HAVE_LIBM 1
| #define HAVE_LIBZ 1
| #define STDC_HEADERS 1
| #define HAVE_SYS_TYPES_H 1
| #define HAVE_SYS_STAT_H 1
| #define HAVE_STDLIB_H 1
| #define HAVE_STRING_H 1
| #define HAVE_MEMORY_H 1
| #define HAVE_STRINGS_H 1
| #define HAVE_INTTYPES_H 1
| #define HAVE_STDINT_H 1
| #define HAVE_UNISTD_H 1
| #define HAVE_OPENGL_GL_H 1
| #define HAVE_OPENGL_GLU_H 1
| #define HAVE_OPENGL_GLEXT_H 1
| #define HAVE_OPENGL "OpenGL"
| #define HAVE_POLYOFFSET 1
| #define STDC_HEADERS 1
| #define HAVE_LIMITS_H 1
| #define HAVE_UNISTD_H 1
| /* end confdefs.h.  */
| #include <hash_map>
configure:6860: result: no
configure:6895: checking for hash_map
configure:6902: result: no
configure:6929: checking hash_set usability
configure:6941: g++ -c -g -O2  -Wall -Wno-sign-compare conftest.cc >&5
conftest.cc:66:20: error: hash_set: No such file or directory
configure:6947: $? = 1
configure: failed program was:
| /* confdefs.h.  */
| 
| #define PACKAGE_NAME ""
| #define PACKAGE_TARNAME ""
| #define PACKAGE_VERSION ""
| #define PACKAGE_STRING ""
| #define PACKAGE_BUGREPORT ""
| #ifdef __cplusplus
| extern "C" void exit (int);
| #endif
| #define HAVE_LIBM 1
| #define HAVE_LIBZ 1
| #define STDC_HEADERS 1
| #define HAVE_SYS_TYPES_H 1
| #define HAVE_SYS_STAT_H 1
| #define HAVE_STDLIB_H 1
| #define HAVE_STRING_H 1
| #define HAVE_MEMORY_H 1
| #define HAVE_STRINGS_H 1
| #define HAVE_INTTYPES_H 1
| #define HAVE_STDINT_H 1
| #define HAVE_UNISTD_H 1
| #define HAVE_OPENGL_GL_H 1
| #define HAVE_OPENGL_GLU_H 1
| #define HAVE_OPENGL_GLEXT_H 1
| #define HAVE_OPENGL "OpenGL"
| #define HAVE_POLYOFFSET 1
| #define STDC_HEADERS 1
| #define HAVE_LIMITS_H 1
| #define HAVE_UNISTD_H 1
| /* end confdefs.h.  */
| #include <stdio.h>
| #if HAVE_SYS_TYPES_H
| # include <sys/types.h>
| #endif
| #if HAVE_SYS_STAT_H
| # include <sys/stat.h>
| #endif
| #if STDC_HEADERS
| # include <stdlib.h>
| # include <stddef.h>
| #else
| # if HAVE_STDLIB_H
| #  include <stdlib.h>
| # endif
| #endif
| #if HAVE_STRING_H
| # if !STDC_HEADERS && HAVE_MEMORY_H
| #  include <memory.h>
| # endif
| # include <string.h>
| #endif
| #if HAVE_STRINGS_H
| # include <strings.h>
| #endif
| #if HAVE_INTTYPES_H
| # include <inttypes.h>
| #else
| # if HAVE_STDINT_H
| #  include <stdint.h>
| # endif
| #endif
| #if HAVE_UNISTD_H
| # include <unistd.h>
| #endif
| #include <hash_set>
configure:6970: result: no
configure:6974: checking hash_set presence
configure:6984: g++ -E  -Wall -Wno-sign-compare conftest.cc
conftest.cc:32:20: error: hash_set: No such file or directory
configure:6990: $? = 1
configure: failed program was:
| /* confdefs.h.  */
| 
| #define PACKAGE_NAME ""
| #define PACKAGE_TARNAME ""
| #define PACKAGE_VERSION ""
| #define PACKAGE_STRING ""
| #define PACKAGE_BUGREPORT ""
| #ifdef __cplusplus
| extern "C" void exit (int);
| #endif
| #define HAVE_LIBM 1
| #define HAVE_LIBZ 1
| #define STDC_HEADERS 1
| #define HAVE_SYS_TYPES_H 1
| #define HAVE_SYS_STAT_H 1
| #define HAVE_STDLIB_H 1
| #define HAVE_STRING_H 1
| #define HAVE_MEMORY_H 1
| #define HAVE_STRINGS_H 1
| #define HAVE_INTTYPES_H 1
| #define HAVE_STDINT_H 1
| #define HAVE_UNISTD_H 1
| #define HAVE_OPENGL_GL_H 1
| #define HAVE_OPENGL_GLU_H 1
| #define HAVE_OPENGL_GLEXT_H 1
| #define HAVE_OPENGL "OpenGL"
| #define HAVE_POLYOFFSET 1
| #define STDC_HEADERS 1
| #define HAVE_LIMITS_H 1
| #define HAVE_UNISTD_H 1
| /* end confdefs.h.  */
| #include <hash_set>
configure:7010: result: no
configure:7045: checking for hash_set
configure:7052: result: no
configure:7079: checking ext/hash_map usability
configure:7091: g++ -c -g -O2  -Wall -Wno-sign-compare conftest.cc >&5
configure:7097: $? = 0
configure:7101: test -z 
			 || test ! -s conftest.err
configure:7104: $? = 0
configure:7107: test -s conftest.o
configure:7110: $? = 0
configure:7120: result: yes
configure:7124: checking ext/hash_map presence
configure:7134: g++ -E  -Wall -Wno-sign-compare conftest.cc
configure:7140: $? = 0
configure:7160: result: yes
configure:7195: checking for ext/hash_map
configure:7202: result: yes
configure:7229: checking ext/hash_set usability
configure:7241: g++ -c -g -O2  -Wall -Wno-sign-compare conftest.cc >&5
configure:7247: $? = 0
configure:7251: test -z 
			 || test ! -s conftest.err
configure:7254: $? = 0
configure:7257: test -s conftest.o
configure:7260: $? = 0
configure:7270: result: yes
configure:7274: checking ext/hash_set presence
configure:7284: g++ -E  -Wall -Wno-sign-compare conftest.cc
configure:7290: $? = 0
configure:7310: result: yes
configure:7345: checking for ext/hash_set
configure:7352: result: yes
configure:7379: checking valarray usability
configure:7391: g++ -c -g -O2  -Wall -Wno-sign-compare conftest.cc >&5
configure:7397: $? = 0
configure:7401: test -z 
			 || test ! -s conftest.err
configure:7404: $? = 0
configure:7407: test -s conftest.o
configure:7410: $? = 0
configure:7420: result: yes
configure:7424: checking valarray presence
configure:7434: g++ -E  -Wall -Wno-sign-compare conftest.cc
configure:7440: $? = 0
configure:7460: result: yes
configure:7495: checking for valarray
configure:7502: result: yes
configure:7529: checking sstream usability
configure:7541: g++ -c -g -O2  -Wall -Wno-sign-compare conftest.cc >&5
configure:7547: $? = 0
configure:7551: test -z 
			 || test ! -s conftest.err
configure:7554: $? = 0
configure:7557: test -s conftest.o
configure:7560: $? = 0
configure:7570: result: yes
configure:7574: checking sstream presence
configure:7584: g++ -E  -Wall -Wno-sign-compare conftest.cc
configure:7590: $? = 0
configure:7610: result: yes
configure:7645: checking for sstream
configure:7652: result: yes
configure:7679: checking strstream usability
configure:7691: g++ -c -g -O2  -Wall -Wno-sign-compare conftest.cc >&5
In file included from /usr/include/c++/4.2.1/backward/strstream:51,
                 from conftest.cc:70:
/usr/include/c++/4.2.1/backward/backward_warning.h:32:2: warning: #warning This file includes at least one deprecated or antiquated header. Please consider using one of the 32 headers found in section 17.4.1.2 of the C++ standard. Examples include substituting the <X> header for the <X.h> header for C++ includes, or <iostream> instead of the deprecated header <iostream.h>. To disable this warning use -Wno-deprecated.
configure:7697: $? = 0
configure:7701: test -z 
			 || test ! -s conftest.err
configure:7704: $? = 0
configure:7707: test -s conftest.o
configure:7710: $? = 0
configure:7720: result: yes
configure:7724: checking strstream presence
configure:7734: g++ -E  -Wall -Wno-sign-compare conftest.cc
In file included from /usr/include/c++/4.2.1/backward/strstream:51,
                 from conftest.cc:36:
/usr/include/c++/4.2.1/backward/backward_warning.h:32:2: warning: #warning This file includes at least one deprecated or antiquated header. Please consider using one of the 32 headers found in section 17.4.1.2 of the C++ standard. Examples include substituting the <X> header for the <X.h> header for C++ includes, or <iostream> instead of the deprecated header <iostream.h>. To disable this warning use -Wno-deprecated.
configure:7740: $? = 0
configure:7760: result: yes
configure:7795: checking for strstream
configure:7802: result: yes
configure:7817: checking for an ANSI C-conforming const
configure:7884: g++ -c -g -O2  -Wall -Wno-sign-compare conftest.cc >&5
configure:7890: $? = 0
configure:7894: test -z 
			 || test ! -s conftest.err
configure:7897: $? = 0
configure:7900: test -s conftest.o
configure:7903: $? = 0
configure:7914: result: yes
configure:7924: checking for inline
configure:7945: g++ -c -g -O2  -Wall -Wno-sign-compare conftest.cc >&5
configure:7951: $? = 0
configure:7955: test -z 
			 || test ! -s conftest.err
configure:7958: $? = 0
configure:7961: test -s conftest.o
configure:7964: $? = 0
configure:7976: result: inline
configure:7996: checking for type bool
configure:8014: g++ -c -g -O2  -Wall -Wno-sign-compare conftest.cc >&5
conftest.cc: In function 'int main()':
conftest.cc:41: warning: statement has no effect
configure:8020: $? = 0
configure:8024: test -z 
			 || test ! -s conftest.err
configure:8027: $? = 0
configure:8030: test -s conftest.o
configure:8033: $? = 0
configure:8035: result: yes
configure:8053: checking for working alloca.h
configure:8074: g++ -o conftest -g -O2  -Wall -Wno-sign-compare  conftest.cc -lm  >&5
conftest.cc: In function 'int main()':
conftest.cc:42: warning: unused variable 'p'
configure:8080: $? = 0
configure:8084: test -z 
			 || test ! -s conftest.err
configure:8087: $? = 0
configure:8090: test -s conftest
configure:8093: $? = 0
configure:8105: result: yes
configure:8115: checking for alloca
configure:8156: g++ -o conftest -g -O2  -Wall -Wno-sign-compare  conftest.cc -lm  >&5
conftest.cc: In function 'int main()':
conftest.cc:63: warning: unused variable 'p'
configure:8162: $? = 0
configure:8166: test -z 
			 || test ! -s conftest.err
configure:8169: $? = 0
configure:8172: test -s conftest
configure:8175: $? = 0
configure:8187: result: yes
configure:8419: checking for rint
configure:8476: g++ -o conftest -g -O2  -Wall -Wno-sign-compare  conftest.cc -lm  >&5
configure:8482: $? = 0
configure:8486: test -z 
			 || test ! -s conftest.err
configure:8489: $? = 0
configure:8492: test -s conftest
configure:8495: $? = 0
configure:8507: result: yes
configure:8419: checking for getrusage
configure:8476: g++ -o conftest -g -O2  -Wall -Wno-sign-compare  conftest.cc -lm  >&5
configure:8482: $? = 0
configure:8486: test -z 
			 || test ! -s conftest.err
configure:8489: $? = 0
configure:8492: test -s conftest
configure:8495: $? = 0
configure:8507: result: yes
configure:8419: checking for times
configure:8476: g++ -o conftest -g -O2  -Wall -Wno-sign-compare  conftest.cc -lm  >&5
configure:8482: $? = 0
configure:8486: test -z 
			 || test ! -s conftest.err
configure:8489: $? = 0
configure:8492: test -s conftest
configure:8495: $? = 0
configure:8507: result: yes
configure:8419: checking for random
configure:8476: g++ -o conftest -g -O2  -Wall -Wno-sign-compare  conftest.cc -lm  >&5
configure:8482: $? = 0
configure:8486: test -z 
			 || test ! -s conftest.err
configure:8489: $? = 0
configure:8492: test -s conftest
configure:8495: $? = 0
configure:8507: result: yes
configure:8419: checking for getopt
configure:8476: g++ -o conftest -g -O2  -Wall -Wno-sign-compare  conftest.cc -lm  >&5
configure:8482: $? = 0
configure:8486: test -z 
			 || test ! -s conftest.err
configure:8489: $? = 0
configure:8492: test -s conftest
configure:8495: $? = 0
configure:8507: result: yes
configure:8419: checking for getopt_long
configure:8476: g++ -o conftest -g -O2  -Wall -Wno-sign-compare  conftest.cc -lm  >&5
configure:8482: $? = 0
configure:8486: test -z 
			 || test ! -s conftest.err
configure:8489: $? = 0
configure:8492: test -s conftest
configure:8495: $? = 0
configure:8507: result: yes
configure:8622: creating ./config.status

## ---------------------- ##
## Running config.status. ##
## ---------------------- ##

This file was extended by config.status, which was
generated by GNU Autoconf 2.59.  Invocation command line was

  CONFIG_FILES    = 
  CONFIG_HEADERS  = 
  CONFIG_LINKS    = 
  CONFIG_COMMANDS = 
  $ ./config.status 

on Kara.local

config.status:661: creating gfx-config
config.status:764: creating include/gfx/config.h

## ---------------- ##
## Cache variables. ##
## ---------------- ##

ac_cv_c_compiler_gnu=yes
ac_cv_c_const=yes
ac_cv_c_inline=inline
ac_cv_cxx_compiler_gnu=yes
ac_cv_env_CC_set=
ac_cv_env_CC_value=
ac_cv_env_CFLAGS_set=
ac_cv_env_CFLAGS_value=
ac_cv_env_CPPFLAGS_set=
ac_cv_env_CPPFLAGS_value=
ac_cv_env_CPP_set=
ac_cv_env_CPP_value=
ac_cv_env_CXXCPP_set=
ac_cv_env_CXXCPP_value=
ac_cv_env_CXXFLAGS_set=
ac_cv_env_CXXFLAGS_value=
ac_cv_env_CXX_set=
ac_cv_env_CXX_value=
ac_cv_env_LDFLAGS_set=
ac_cv_env_LDFLAGS_value=
ac_cv_env_build_alias_set=
ac_cv_env_build_alias_value=
ac_cv_env_host_alias_set=
ac_cv_env_host_alias_value=
ac_cv_env_target_alias_set=
ac_cv_env_target_alias_value=
ac_cv_exeext=
ac_cv_func_alloca_works=yes
ac_cv_func_getopt=yes
ac_cv_func_getopt_long=yes
ac_cv_func_getrusage=yes
ac_cv_func_random=yes
ac_cv_func_rint=yes
ac_cv_func_times=yes
ac_cv_header_GL_gl_h=no
ac_cv_header_GL_glext_h=no
ac_cv_header_GL_glu_h=no
ac_cv_header_GL_glxext_h=no
ac_cv_header_GL_wglext_h=no
ac_cv_header_OpenGL_gl_h=yes
ac_cv_header_OpenGL_glext_h=yes
ac_cv_header_OpenGL_glu_h=yes
ac_cv_header_ext_hash_map=yes
ac_cv_header_ext_hash_set=yes
ac_cv_header_hash_map=no
ac_cv_header_hash_set=no
ac_cv_header_inttypes_h=yes
ac_cv_header_limits_h=yes
ac_cv_header_memory_h=yes
ac_cv_header_sstream=yes
ac_cv_header_stdc=yes
ac_cv_header_stdint_h=yes
ac_cv_header_stdlib_h=yes
ac_cv_header_string_h=yes
ac_cv_header_strings_h=yes
ac_cv_header_strstream=yes
ac_cv_header_sys_stat_h=yes
ac_cv_header_sys_types_h=yes
ac_cv_header_unistd_h=yes
ac_cv_header_valarray=yes
ac_cv_lib_jpeg_jpeg_start_compress=no
ac_cv_lib_m_sqrt=yes
ac_cv_lib_png_png_read_image=no
ac_cv_lib_tiff_TIFFOpen=no
ac_cv_lib_z_zlibVersion=yes
ac_cv_objext=o
ac_cv_path_RM=/bin/rm
ac_cv_prog_CPP='gcc -E'
ac_cv_prog_CXXCPP='g++ -E'
ac_cv_prog_FLTKCONFIG=:
ac_cv_prog_ac_ct_CC=gcc
ac_cv_prog_ac_ct_CXX=g++
ac_cv_prog_ac_ct_RANLIB=ranlib
ac_cv_prog_cc_g=yes
ac_cv_prog_cc_stdc=
ac_cv_prog_cxx_g=yes
ac_cv_prog_egrep='grep -E'
ac_cv_working_alloca_h=yes

## ----------------- ##
## Output variables. ##
## ----------------- ##

ALLOCA=''
CC='gcc'
CC_DEPEND='$(CC) -M'
CFLAGS='-g -O2  -Wall -Wno-sign-compare -I/Users/stephane/Projects Snow leopard/FireFlies for OS X/libgfx-1.1.0/include -DHAVE_CONFIG_H'
CPP='gcc -E'
CPPFLAGS=' -Wall -Wno-sign-compare -I/Users/stephane/Projects Snow leopard/FireFlies for OS X/libgfx-1.1.0/include -DHAVE_CONFIG_H'
CXX='g++'
CXXCPP='g++ -E'
CXXFLAGS='-g -O2  -Wall -Wno-sign-compare -I/Users/stephane/Projects Snow leopard/FireFlies for OS X/libgfx-1.1.0/include -DHAVE_CONFIG_H'
CXX_DEPEND='$(CXX) -M'
DEFS='-DHAVE_CONFIG_H'
ECHO_C='ECHO_N=''
ECHO_T=''
EGREP='grep -E'
EXEEXT=''
FLTKCONFIG=':'
FLTK_LIBS='-lfltk'
GL_LIBS='-framework AGL -framework OpenGL'
IMG_LIBS=' -lz'
LDFLAGS=' -L/Users/stephane/Projects Snow leopard/FireFlies for OS X/libgfx-1.1.0/src'
LIBOBJS=''
LIBS='-lm '
LTLIBOBJS=''
OBJEXT='o'
PACKAGE_BUGREPORT=''
PACKAGE_NAME=''
PACKAGE_STRING=''
PACKAGE_TARNAME=''
PACKAGE_VERSION=''
PATH_SEPARATOR=':'
RANLIB='ranlib'
RM='/bin/rm'
SHELL='/bin/sh'
X_CFLAGS=''
X_CORE='-framework Carbon -framework ApplicationServices'
X_DCORE='-framework Carbon -framework ApplicationServices'
X_EXTRA_LIBS=''
X_LIBS=''
X_PRE_LIBS=''
ac_ct_CC='gcc'
ac_ct_CXX='g++'
ac_ct_RANLIB='ranlib'
bindir='${exec_prefix}/bin'
build_alias=''
datadir='${prefix}/share'
exec_prefix='${prefix}'
host_alias=''
includedir='${prefix}/include'
infodir='${prefix}/info'
libdir='${exec_prefix}/lib'
libexecdir='${exec_prefix}/libexec'
localstatedir='${prefix}/var'
mandir='${prefix}/man'
oldincludedir='/usr/include'
prefix='/usr/local'
program_transform_name='s,x,x,'
sbindir='${exec_prefix}/sbin'
sharedstatedir='${prefix}/com'
sysconfdir='${prefix}/etc'
target_alias=''

## ----------- ##
## confdefs.h. ##
## ----------- ##

#define HAVE_ALLOCA 1
#define HAVE_ALLOCA_H 1
#define HAVE_BOOL 1
#define HAVE_EXT_HASH_MAP 1
#define HAVE_EXT_HASH_SET 1
#define HAVE_GETOPT 1
#define HAVE_GETOPT_LONG 1
#define HAVE_GETRUSAGE 1
#define HAVE_INTTYPES_H 1
#define HAVE_LIBM 1
#define HAVE_LIBZ 1
#define HAVE_LIMITS_H 1
#define HAVE_MEMORY_H 1
#define HAVE_OPENGL "OpenGL"
#define HAVE_OPENGL_GLEXT_H 1
#define HAVE_OPENGL_GLU_H 1
#define HAVE_OPENGL_GL_H 1
#define HAVE_POLYOFFSET 1
#define HAVE_RANDOM 1
#define HAVE_RINT 1
#define HAVE_SSTREAM 1
#define HAVE_STDINT_H 1
#define HAVE_STDLIB_H 1
#define HAVE_STRINGS_H 1
#define HAVE_STRING_H 1
#define HAVE_STRSTREAM 1
#define HAVE_SYS_STAT_H 1
#define HAVE_SYS_TYPES_H 1
#define HAVE_TIMES 1
#define HAVE_UNISTD_H 1
#define HAVE_UNISTD_H 1
#define HAVE_VALARRAY 1
#define PACKAGE_BUGREPORT ""
#define PACKAGE_NAME ""
#define PACKAGE_STRING ""
#define PACKAGE_TARNAME ""
#define PACKAGE_VERSION ""
#define STDC_HEADERS 1
#define STDC_HEADERS 1
#endif
#ifdef __cplusplus
extern "C" void exit (int);

configure: exit 0
